[2026-03-04T12:57:46.546+0000] {taskinstance.py:1957} INFO - Dependencies all met for dep_context=non-requeueable deps ti=<TaskInstance: adala_ingestion.spark_extract manual__2026-03-04T12:47:29.729866+00:00 [queued]>
[2026-03-04T12:57:46.569+0000] {taskinstance.py:1957} INFO - Dependencies all met for dep_context=requeueable deps ti=<TaskInstance: adala_ingestion.spark_extract manual__2026-03-04T12:47:29.729866+00:00 [queued]>
[2026-03-04T12:57:46.578+0000] {taskinstance.py:2171} INFO - Starting attempt 3 of 4
[2026-03-04T12:57:46.605+0000] {taskinstance.py:2192} INFO - Executing <Task(BashOperator): spark_extract> on 2026-03-04 12:47:29.729866+00:00
[2026-03-04T12:57:46.611+0000] {standard_task_runner.py:60} INFO - Started process 177 to run task
[2026-03-04T12:57:46.614+0000] {standard_task_runner.py:87} INFO - Running: ['***', 'tasks', 'run', 'adala_ingestion', 'spark_extract', 'manual__2026-03-04T12:47:29.729866+00:00', '--job-id', '27', '--raw', '--subdir', 'DAGS_FOLDER/adala_ingestion.py', '--cfg-path', '/tmp/tmpbnd05see']
[2026-03-04T12:57:46.631+0000] {standard_task_runner.py:88} INFO - Job 27: Subtask spark_extract
[2026-03-04T12:57:46.762+0000] {task_command.py:423} INFO - Running <TaskInstance: adala_ingestion.spark_extract manual__2026-03-04T12:47:29.729866+00:00 [running]> on host e94a7b2edf14
[2026-03-04T12:57:46.893+0000] {taskinstance.py:2481} INFO - Exporting env vars: AIRFLOW_CTX_DAG_OWNER='moudawana' AIRFLOW_CTX_DAG_ID='adala_ingestion' AIRFLOW_CTX_TASK_ID='spark_extract' AIRFLOW_CTX_EXECUTION_DATE='2026-03-04T12:47:29.729866+00:00' AIRFLOW_CTX_TRY_NUMBER='3' AIRFLOW_CTX_DAG_RUN_ID='manual__2026-03-04T12:47:29.729866+00:00'
[2026-03-04T12:57:46.898+0000] {subprocess.py:63} INFO - Tmp dir root location: /tmp
[2026-03-04T12:57:46.906+0000] {subprocess.py:75} INFO - Running command: ['/usr/bin/bash', '-c', '\n     docker exec mizanai-spark-master-1         /opt/spark/bin/spark-submit         --master spark://spark-master:7077         --jars /opt/spark_jobs/postgresql-42.7.3.jar         /opt/spark_jobs/extract_text.py\n    ']
[2026-03-04T12:57:46.932+0000] {subprocess.py:86} INFO - Output:
[2026-03-04T12:57:47.492+0000] {subprocess.py:93} INFO - WARNING: Using incubator modules: jdk.incubator.vector
[2026-03-04T12:57:50.947+0000] {subprocess.py:93} INFO - 26/03/04 12:57:50 WARN NativeCodeLoader: Unable to load native-hadoop library for your platform... using builtin-java classes where applicable
[2026-03-04T12:57:52.760+0000] {subprocess.py:93} INFO - Using Spark's default log4j profile: org/apache/spark/log4j2-defaults.properties
[2026-03-04T12:57:52.777+0000] {subprocess.py:93} INFO - 26/03/04 12:57:52 INFO SparkContext: Running Spark version 4.0.1
[2026-03-04T12:57:52.783+0000] {subprocess.py:93} INFO - 26/03/04 12:57:52 INFO SparkContext: OS info Linux, 6.12.5-linuxkit, aarch64
[2026-03-04T12:57:52.788+0000] {subprocess.py:93} INFO - 26/03/04 12:57:52 INFO SparkContext: Java version 21.0.10
[2026-03-04T12:57:52.823+0000] {subprocess.py:93} INFO - 26/03/04 12:57:52 INFO ResourceUtils: ==============================================================
[2026-03-04T12:57:52.824+0000] {subprocess.py:93} INFO - 26/03/04 12:57:52 INFO ResourceUtils: No custom resources configured for spark.driver.
[2026-03-04T12:57:52.824+0000] {subprocess.py:93} INFO - 26/03/04 12:57:52 INFO ResourceUtils: ==============================================================
[2026-03-04T12:57:52.825+0000] {subprocess.py:93} INFO - 26/03/04 12:57:52 INFO SparkContext: Submitted application: LagalDocumentTextExtractor
[2026-03-04T12:57:52.893+0000] {subprocess.py:93} INFO - 26/03/04 12:57:52 INFO ResourceProfile: Default ResourceProfile created, executor resources: Map(memory -> name: memory, amount: 1024, script: , vendor: , offHeap -> name: offHeap, amount: 0, script: , vendor: ), task resources: Map(cpus -> name: cpus, amount: 1.0)
[2026-03-04T12:57:52.918+0000] {subprocess.py:93} INFO - 26/03/04 12:57:52 INFO ResourceProfile: Limiting resource is cpu
[2026-03-04T12:57:52.921+0000] {subprocess.py:93} INFO - 26/03/04 12:57:52 INFO ResourceProfileManager: Added ResourceProfile id: 0
[2026-03-04T12:57:53.122+0000] {subprocess.py:93} INFO - 26/03/04 12:57:53 INFO SecurityManager: Changing view acls to: root
[2026-03-04T12:57:53.122+0000] {subprocess.py:93} INFO - 26/03/04 12:57:53 INFO SecurityManager: Changing modify acls to: root
[2026-03-04T12:57:53.126+0000] {subprocess.py:93} INFO - 26/03/04 12:57:53 INFO SecurityManager: Changing view acls groups to: root
[2026-03-04T12:57:53.127+0000] {subprocess.py:93} INFO - 26/03/04 12:57:53 INFO SecurityManager: Changing modify acls groups to: root
[2026-03-04T12:57:53.127+0000] {subprocess.py:93} INFO - 26/03/04 12:57:53 INFO SecurityManager: SecurityManager: authentication disabled; ui acls disabled; users with view permissions: root groups with view permissions: EMPTY; users with modify permissions: root; groups with modify permissions: EMPTY; RPC SSL disabled
[2026-03-04T12:57:53.560+0000] {subprocess.py:93} INFO - 26/03/04 12:57:53 INFO Utils: Successfully started service 'sparkDriver' on port 46509.
[2026-03-04T12:57:53.690+0000] {subprocess.py:93} INFO - 26/03/04 12:57:53 INFO SparkEnv: Registering MapOutputTracker
[2026-03-04T12:57:53.725+0000] {subprocess.py:93} INFO - 26/03/04 12:57:53 INFO SparkEnv: Registering BlockManagerMaster
[2026-03-04T12:57:53.746+0000] {subprocess.py:93} INFO - 26/03/04 12:57:53 INFO BlockManagerMasterEndpoint: Using org.apache.spark.storage.DefaultTopologyMapper for getting topology information
[2026-03-04T12:57:53.748+0000] {subprocess.py:93} INFO - 26/03/04 12:57:53 INFO BlockManagerMasterEndpoint: BlockManagerMasterEndpoint up
[2026-03-04T12:57:53.749+0000] {subprocess.py:93} INFO - 26/03/04 12:57:53 INFO SparkEnv: Registering BlockManagerMasterHeartbeat
[2026-03-04T12:57:53.790+0000] {subprocess.py:93} INFO - 26/03/04 12:57:53 INFO DiskBlockManager: Created local directory at /tmp/blockmgr-74240f54-8062-4264-86fc-239af7335f5f
[2026-03-04T12:57:53.824+0000] {subprocess.py:93} INFO - 26/03/04 12:57:53 INFO SparkEnv: Registering OutputCommitCoordinator
[2026-03-04T12:57:54.191+0000] {subprocess.py:93} INFO - 26/03/04 12:57:54 INFO JettyUtils: Start Jetty 0.0.0.0:4040 for SparkUI
[2026-03-04T12:57:54.411+0000] {subprocess.py:93} INFO - 26/03/04 12:57:54 WARN Utils: Service 'SparkUI' could not bind on port 4040. Attempting port 4041.
[2026-03-04T12:57:54.442+0000] {subprocess.py:93} INFO - 26/03/04 12:57:54 INFO Utils: Successfully started service 'SparkUI' on port 4041.
[2026-03-04T12:57:54.548+0000] {subprocess.py:93} INFO - 26/03/04 12:57:54 INFO SparkContext: Added JAR /opt/spark_jobs/postgresql-42.7.3.jar at spark://635a54ab836c:46509/jars/postgresql-42.7.3.jar with timestamp 1772629072728
[2026-03-04T12:57:54.610+0000] {subprocess.py:93} INFO - 26/03/04 12:57:54 INFO SecurityManager: Changing view acls to: root
[2026-03-04T12:57:54.613+0000] {subprocess.py:93} INFO - 26/03/04 12:57:54 INFO SecurityManager: Changing modify acls to: root
[2026-03-04T12:57:54.615+0000] {subprocess.py:93} INFO - 26/03/04 12:57:54 INFO SecurityManager: Changing view acls groups to: root
[2026-03-04T12:57:54.618+0000] {subprocess.py:93} INFO - 26/03/04 12:57:54 INFO SecurityManager: Changing modify acls groups to: root
[2026-03-04T12:57:54.619+0000] {subprocess.py:93} INFO - 26/03/04 12:57:54 INFO SecurityManager: SecurityManager: authentication disabled; ui acls disabled; users with view permissions: root groups with view permissions: EMPTY; users with modify permissions: root; groups with modify permissions: EMPTY; RPC SSL disabled
[2026-03-04T12:57:54.980+0000] {subprocess.py:93} INFO - 26/03/04 12:57:54 INFO StandaloneAppClient$ClientEndpoint: Connecting to master spark://spark-master:7077...
[2026-03-04T12:57:55.106+0000] {subprocess.py:93} INFO - 26/03/04 12:57:55 INFO TransportClientFactory: Successfully created connection to spark-master/172.19.0.3:7077 after 55 ms (0 ms spent in bootstraps)
[2026-03-04T12:57:55.390+0000] {subprocess.py:93} INFO - 26/03/04 12:57:55 INFO StandaloneSchedulerBackend: Connected to Spark cluster with app ID app-20260304125755-0002
[2026-03-04T12:57:55.420+0000] {subprocess.py:93} INFO - 26/03/04 12:57:55 INFO Utils: Successfully started service 'org.apache.spark.network.netty.NettyBlockTransferService' on port 38103.
[2026-03-04T12:57:55.421+0000] {subprocess.py:93} INFO - 26/03/04 12:57:55 INFO NettyBlockTransferService: Server created on 635a54ab836c:38103
[2026-03-04T12:57:55.429+0000] {subprocess.py:93} INFO - 26/03/04 12:57:55 INFO BlockManager: Using org.apache.spark.storage.RandomBlockReplicationPolicy for block replication policy
[2026-03-04T12:57:55.459+0000] {subprocess.py:93} INFO - 26/03/04 12:57:55 INFO BlockManagerMaster: Registering BlockManager BlockManagerId(driver, 635a54ab836c, 38103, None)
[2026-03-04T12:57:55.470+0000] {subprocess.py:93} INFO - 26/03/04 12:57:55 INFO BlockManagerMasterEndpoint: Registering block manager 635a54ab836c:38103 with 434.4 MiB RAM, BlockManagerId(driver, 635a54ab836c, 38103, None)
[2026-03-04T12:57:55.483+0000] {subprocess.py:93} INFO - 26/03/04 12:57:55 INFO BlockManagerMaster: Registered BlockManager BlockManagerId(driver, 635a54ab836c, 38103, None)
[2026-03-04T12:57:55.486+0000] {subprocess.py:93} INFO - 26/03/04 12:57:55 INFO BlockManager: Initialized BlockManager: BlockManagerId(driver, 635a54ab836c, 38103, None)
[2026-03-04T12:57:56.015+0000] {subprocess.py:93} INFO - 26/03/04 12:57:56 INFO StandaloneSchedulerBackend: SchedulerBackend is ready for scheduling beginning after reached minRegisteredResourcesRatio: 0.0
[2026-03-04T12:58:05.731+0000] {subprocess.py:93} INFO - Spark session started
[2026-03-04T12:58:29.634+0000] {subprocess.py:93} INFO - 26/03/04 12:58:29 WARN TaskSchedulerImpl: Initial job has not accepted any resources; check your cluster UI to ensure that workers are registered and have sufficient resources
[2026-03-04T12:58:44.583+0000] {subprocess.py:93} INFO - 26/03/04 12:58:44 WARN TaskSchedulerImpl: Initial job has not accepted any resources; check your cluster UI to ensure that workers are registered and have sufficient resources
[2026-03-04T12:58:59.566+0000] {subprocess.py:93} INFO - 26/03/04 12:58:59 WARN TaskSchedulerImpl: Initial job has not accepted any resources; check your cluster UI to ensure that workers are registered and have sufficient resources
[2026-03-04T12:59:14.575+0000] {subprocess.py:93} INFO - 26/03/04 12:59:14 WARN TaskSchedulerImpl: Initial job has not accepted any resources; check your cluster UI to ensure that workers are registered and have sufficient resources
[2026-03-04T12:59:29.561+0000] {subprocess.py:93} INFO - 26/03/04 12:59:29 WARN TaskSchedulerImpl: Initial job has not accepted any resources; check your cluster UI to ensure that workers are registered and have sufficient resources
[2026-03-04T12:59:44.620+0000] {subprocess.py:93} INFO - 26/03/04 12:59:44 WARN TaskSchedulerImpl: Initial job has not accepted any resources; check your cluster UI to ensure that workers are registered and have sufficient resources
[2026-03-04T12:59:59.558+0000] {subprocess.py:93} INFO - 26/03/04 12:59:59 WARN TaskSchedulerImpl: Initial job has not accepted any resources; check your cluster UI to ensure that workers are registered and have sufficient resources
[2026-03-04T13:00:14.567+0000] {subprocess.py:93} INFO - 26/03/04 13:00:14 WARN TaskSchedulerImpl: Initial job has not accepted any resources; check your cluster UI to ensure that workers are registered and have sufficient resources
[2026-03-04T13:00:29.630+0000] {subprocess.py:93} INFO - 26/03/04 13:00:29 WARN TaskSchedulerImpl: Initial job has not accepted any resources; check your cluster UI to ensure that workers are registered and have sufficient resources
[2026-03-04T13:00:44.537+0000] {subprocess.py:93} INFO - 26/03/04 13:00:44 WARN TaskSchedulerImpl: Initial job has not accepted any resources; check your cluster UI to ensure that workers are registered and have sufficient resources
[2026-03-04T13:00:59.547+0000] {subprocess.py:93} INFO - 26/03/04 13:00:59 WARN TaskSchedulerImpl: Initial job has not accepted any resources; check your cluster UI to ensure that workers are registered and have sufficient resources
[2026-03-04T13:01:14.557+0000] {subprocess.py:93} INFO - 26/03/04 13:01:14 WARN TaskSchedulerImpl: Initial job has not accepted any resources; check your cluster UI to ensure that workers are registered and have sufficient resources
[2026-03-04T13:01:29.580+0000] {subprocess.py:93} INFO - 26/03/04 13:01:29 WARN TaskSchedulerImpl: Initial job has not accepted any resources; check your cluster UI to ensure that workers are registered and have sufficient resources
[2026-03-04T13:01:44.558+0000] {subprocess.py:93} INFO - 26/03/04 13:01:44 WARN TaskSchedulerImpl: Initial job has not accepted any resources; check your cluster UI to ensure that workers are registered and have sufficient resources
[2026-03-04T13:01:59.562+0000] {subprocess.py:93} INFO - 26/03/04 13:01:59 WARN TaskSchedulerImpl: Initial job has not accepted any resources; check your cluster UI to ensure that workers are registered and have sufficient resources
[2026-03-04T13:02:14.559+0000] {subprocess.py:93} INFO - 26/03/04 13:02:14 WARN TaskSchedulerImpl: Initial job has not accepted any resources; check your cluster UI to ensure that workers are registered and have sufficient resources
[2026-03-04T13:02:29.578+0000] {subprocess.py:93} INFO - 26/03/04 13:02:29 WARN TaskSchedulerImpl: Initial job has not accepted any resources; check your cluster UI to ensure that workers are registered and have sufficient resources
[2026-03-04T13:02:44.575+0000] {subprocess.py:93} INFO - 26/03/04 13:02:44 WARN TaskSchedulerImpl: Initial job has not accepted any resources; check your cluster UI to ensure that workers are registered and have sufficient resources
[2026-03-04T13:02:59.558+0000] {subprocess.py:93} INFO - 26/03/04 13:02:59 WARN TaskSchedulerImpl: Initial job has not accepted any resources; check your cluster UI to ensure that workers are registered and have sufficient resources
[2026-03-04T13:03:14.560+0000] {subprocess.py:93} INFO - 26/03/04 13:03:14 WARN TaskSchedulerImpl: Initial job has not accepted any resources; check your cluster UI to ensure that workers are registered and have sufficient resources
[2026-03-04T13:03:29.586+0000] {subprocess.py:93} INFO - 26/03/04 13:03:29 WARN TaskSchedulerImpl: Initial job has not accepted any resources; check your cluster UI to ensure that workers are registered and have sufficient resources
[2026-03-04T13:03:44.551+0000] {subprocess.py:93} INFO - 26/03/04 13:03:44 WARN TaskSchedulerImpl: Initial job has not accepted any resources; check your cluster UI to ensure that workers are registered and have sufficient resources
[2026-03-04T13:03:59.553+0000] {subprocess.py:93} INFO - 26/03/04 13:03:59 WARN TaskSchedulerImpl: Initial job has not accepted any resources; check your cluster UI to ensure that workers are registered and have sufficient resources
[2026-03-04T13:04:14.560+0000] {subprocess.py:93} INFO - 26/03/04 13:04:14 WARN TaskSchedulerImpl: Initial job has not accepted any resources; check your cluster UI to ensure that workers are registered and have sufficient resources
[2026-03-04T13:04:29.569+0000] {subprocess.py:93} INFO - 26/03/04 13:04:29 WARN TaskSchedulerImpl: Initial job has not accepted any resources; check your cluster UI to ensure that workers are registered and have sufficient resources
[2026-03-04T13:04:44.551+0000] {subprocess.py:93} INFO - 26/03/04 13:04:44 WARN TaskSchedulerImpl: Initial job has not accepted any resources; check your cluster UI to ensure that workers are registered and have sufficient resources
[2026-03-04T13:04:59.555+0000] {subprocess.py:93} INFO - 26/03/04 13:04:59 WARN TaskSchedulerImpl: Initial job has not accepted any resources; check your cluster UI to ensure that workers are registered and have sufficient resources
[2026-03-04T13:05:14.553+0000] {subprocess.py:93} INFO - 26/03/04 13:05:14 WARN TaskSchedulerImpl: Initial job has not accepted any resources; check your cluster UI to ensure that workers are registered and have sufficient resources
[2026-03-04T13:05:29.554+0000] {subprocess.py:93} INFO - 26/03/04 13:05:29 WARN TaskSchedulerImpl: Initial job has not accepted any resources; check your cluster UI to ensure that workers are registered and have sufficient resources
[2026-03-04T13:05:44.554+0000] {subprocess.py:93} INFO - 26/03/04 13:05:44 WARN TaskSchedulerImpl: Initial job has not accepted any resources; check your cluster UI to ensure that workers are registered and have sufficient resources
[2026-03-04T13:05:59.552+0000] {subprocess.py:93} INFO - 26/03/04 13:05:59 WARN TaskSchedulerImpl: Initial job has not accepted any resources; check your cluster UI to ensure that workers are registered and have sufficient resources
[2026-03-04T13:06:14.551+0000] {subprocess.py:93} INFO - 26/03/04 13:06:14 WARN TaskSchedulerImpl: Initial job has not accepted any resources; check your cluster UI to ensure that workers are registered and have sufficient resources
[2026-03-04T13:06:23.128+0000] {subprocess.py:93} INFO - Documents found: 31
[2026-03-04T13:06:24.188+0000] {subprocess.py:93} INFO - +---+--------------------+--------------------+----------+--------+--------------------+---------+------------+-------------+--------------------+
[2026-03-04T13:06:24.188+0000] {subprocess.py:93} INFO - | id|               title|             pdf_url|  category|language|            filepath|file_hash|file_size_kb|downloaded_at|          created_at|
[2026-03-04T13:06:24.189+0000] {subprocess.py:93} INFO - +---+--------------------+--------------------+----------+--------+--------------------+---------+------------+-------------+--------------------+
[2026-03-04T13:06:24.189+0000] {subprocess.py:93} INFO - |  1|قانون المسطرة الم...|https://adala.jus...|   famille|      ar|/opt/***/data...|     NULL|        NULL|         NULL|2026-03-03 14:04:...|
[2026-03-04T13:06:24.192+0000] {subprocess.py:93} INFO - |  2|ظهير بمثابة قانون...|https://adala.jus...|     civil|      ar|/opt/***/data...|     NULL|        NULL|         NULL|2026-03-03 14:04:...|
[2026-03-04T13:06:24.193+0000] {subprocess.py:93} INFO - |  3|القانون المتعلق ب...|https://adala.jus...|     civil|      ar|/opt/***/data...|     NULL|        NULL|         NULL|2026-03-03 14:04:...|
[2026-03-04T13:06:24.194+0000] {subprocess.py:93} INFO - |  4|قانون يتعلق بمدون...|https://adala.jus...|commercial|      ar|/opt/***/data...|     NULL|        NULL|         NULL|2026-03-03 14:04:...|
[2026-03-04T13:06:24.195+0000] {subprocess.py:93} INFO - |  5|قانون بمثابة مدون...|https://adala.jus...|   famille|      ar|/opt/***/data...|     NULL|        NULL|         NULL|2026-03-03 14:04:...|
[2026-03-04T13:06:24.195+0000] {subprocess.py:93} INFO - |  6|القانون المتعلق ب...|https://adala.jus...|   travail|      ar|/opt/***/data...|     NULL|        NULL|         NULL|2026-03-03 14:04:...|
[2026-03-04T13:06:24.195+0000] {subprocess.py:93} INFO - |  7|  Code de la famille|https://adala.jus...|famille_fr|      fr|/opt/***/data...|     NULL|        NULL|         NULL|2026-03-03 14:04:...|
[2026-03-04T13:06:24.195+0000] {subprocess.py:93} INFO - |  8|Fonds d’entraide ...|https://adala.jus...|famille_fr|      fr|/opt/***/data...|     NULL|        NULL|         NULL|2026-03-03 14:04:...|
[2026-03-04T13:06:24.196+0000] {subprocess.py:93} INFO - |  9|Enfants abandonné...|https://adala.jus...|famille_fr|      fr|/opt/***/data...|     NULL|        NULL|         NULL|2026-03-03 14:04:...|
[2026-03-04T13:06:24.196+0000] {subprocess.py:93} INFO - | 10|          Etat civil|https://adala.jus...|famille_fr|      fr|/opt/***/data...|     NULL|        NULL|         NULL|2026-03-03 14:04:...|
[2026-03-04T13:06:24.196+0000] {subprocess.py:93} INFO - | 11|Code de la Nation...|https://adala.jus...|famille_fr|      fr|/opt/***/data...|     NULL|        NULL|         NULL|2026-03-03 14:04:...|
[2026-03-04T13:06:24.196+0000] {subprocess.py:93} INFO - | 12|          Code pénal|https://adala.jus...|  penal_fr|      fr|/opt/***/data...|     NULL|        NULL|         NULL|2026-03-03 14:04:...|
[2026-03-04T13:06:24.196+0000] {subprocess.py:93} INFO - | 13|Dahir sur l'asses...|https://adala.jus...|  penal_fr|      fr|/opt/***/data...|     NULL|        NULL|         NULL|2026-03-03 14:04:...|
[2026-03-04T13:06:24.197+0000] {subprocess.py:93} INFO - | 14|La lutte contre l...|https://adala.jus...|  penal_fr|      fr|/opt/***/data...|     NULL|        NULL|         NULL|2026-03-03 14:04:...|
[2026-03-04T13:06:24.197+0000] {subprocess.py:93} INFO - | 15|              Grâces|https://adala.jus...|  penal_fr|      fr|/opt/***/data...|     NULL|        NULL|         NULL|2026-03-03 14:04:...|
[2026-03-04T13:06:24.197+0000] {subprocess.py:93} INFO - | 16|Loi relative à la...|https://adala.jus...|  penal_fr|      fr|/opt/***/data...|     NULL|        NULL|         NULL|2026-03-03 14:04:...|
[2026-03-04T13:06:24.197+0000] {subprocess.py:93} INFO - | 17|Entrée et séjour ...|https://adala.jus...|  penal_fr|      fr|/opt/***/data...|     NULL|        NULL|         NULL|2026-03-03 14:04:...|
[2026-03-04T13:06:24.198+0000] {subprocess.py:93} INFO - | 18|Loi relative a La...|https://adala.jus...|  penal_fr|      fr|/opt/***/data...|     NULL|        NULL|         NULL|2026-03-03 14:04:...|
[2026-03-04T13:06:24.198+0000] {subprocess.py:93} INFO - | 19|Loi relative a la...|https://adala.jus...|  penal_fr|      fr|/opt/***/data...|     NULL|        NULL|         NULL|2026-03-03 14:04:...|
[2026-03-04T13:06:24.198+0000] {subprocess.py:93} INFO - | 20|Organisation de l...|https://adala.jus...|  penal_fr|      fr|/opt/***/data...|     NULL|        NULL|         NULL|2026-03-03 14:04:...|
[2026-03-04T13:06:24.198+0000] {subprocess.py:93} INFO - +---+--------------------+--------------------+----------+--------+--------------------+---------+------------+-------------+--------------------+
[2026-03-04T13:06:24.198+0000] {subprocess.py:93} INFO - only showing top 20 rows
[2026-03-04T13:06:31.712+0000] {subprocess.py:93} INFO - Documents with text:31
[2026-03-04T13:06:38.677+0000] {subprocess.py:93} INFO - +-------------------------------------+--------------------------------------------------+
[2026-03-04T13:06:38.704+0000] {subprocess.py:93} INFO - |                                title|                                          raw_text|
[2026-03-04T13:06:38.705+0000] {subprocess.py:93} INFO - +-------------------------------------+--------------------------------------------------+
[2026-03-04T13:06:38.705+0000] {subprocess.py:93} INFO - |                قانون المسطرة المدنية|قانون المسطرة المدنية \n صيغة محينة بتاريخ13\n ...|
[2026-03-04T13:06:38.706+0000] {subprocess.py:93} INFO - | ظهير بمثابة قانون الالتزامات والعقود|-1-\n \n \n \n \n \n \n \n \n \n \n \n \n \nظهي...|
[2026-03-04T13:06:38.706+0000] {subprocess.py:93} INFO - |القانون المتعلق بمدونة الحقوق العينية|القانون رقم39.08\n المتعلق ب\nمدونة الحقوق العي...|
[2026-03-04T13:06:38.707+0000] {subprocess.py:93} INFO - |           قانون يتعلق بمدونة التجارة|القانون رقم15.95\n \n المتعلق بمدونة التجارة  \...|
[2026-03-04T13:06:38.707+0000] {subprocess.py:93} INFO - |            قانون بمثابة مدونة الأسرة|- 1  -\n \n \n \n \n \n \n \n \n \n \n \nمدونة ...|
[2026-03-04T13:06:38.708+0000] {subprocess.py:93} INFO - +-------------------------------------+--------------------------------------------------+
[2026-03-04T13:06:38.708+0000] {subprocess.py:93} INFO - only showing top 5 rows
[2026-03-04T13:06:38.753+0000] {subprocess.py:93} INFO - Chunking done
[2026-03-04T13:07:10.851+0000] {subprocess.py:93} INFO - +-------------------------------------+--------------------------------------------------+
[2026-03-04T13:07:10.854+0000] {subprocess.py:93} INFO - |                                title|                                            chunks|
[2026-03-04T13:07:10.854+0000] {subprocess.py:93} INFO - +-------------------------------------+--------------------------------------------------+
[2026-03-04T13:07:10.854+0000] {subprocess.py:93} INFO - |                قانون المسطرة المدنية|[قانون المسطرة المدنية صيغة محينة بتاريخ13 يوني...|
[2026-03-04T13:07:10.854+0000] {subprocess.py:93} INFO - | ظهير بمثابة قانون الالتزامات والعقود|[-1- ظهير بمثابة قانون االلتزامات والعقود صيغة ...|
[2026-03-04T13:07:10.854+0000] {subprocess.py:93} INFO - |القانون المتعلق بمدونة الحقوق العينية|[القانون رقم39.08 المتعلق ب مدونة الحقوق العيني...|
[2026-03-04T13:07:10.854+0000] {subprocess.py:93} INFO - +-------------------------------------+--------------------------------------------------+
[2026-03-04T13:07:10.855+0000] {subprocess.py:93} INFO - only showing top 3 rows
[2026-03-04T13:09:38.102+0000] {subprocess.py:93} INFO - Chunks saved to PostgreSQL
[2026-03-04T13:09:39.712+0000] {subprocess.py:97} INFO - Command exited with return code 0
[2026-03-04T13:09:39.871+0000] {taskinstance.py:1138} INFO - Marking task as SUCCESS. dag_id=adala_ingestion, task_id=spark_extract, execution_date=20260304T124729, start_date=20260304T125746, end_date=20260304T130939
[2026-03-04T13:09:39.932+0000] {local_task_job_runner.py:234} INFO - Task exited with return code 0
[2026-03-04T13:09:40.216+0000] {taskinstance.py:3281} INFO - 1 downstream tasks scheduled from follow-on schedule check
