[2026-03-04T12:51:04.076+0000] {taskinstance.py:1957} INFO - Dependencies all met for dep_context=non-requeueable deps ti=<TaskInstance: adala_ingestion.spark_extract manual__2026-03-04T12:45:53.176110+00:00 [queued]>
[2026-03-04T12:51:04.080+0000] {taskinstance.py:1957} INFO - Dependencies all met for dep_context=requeueable deps ti=<TaskInstance: adala_ingestion.spark_extract manual__2026-03-04T12:45:53.176110+00:00 [queued]>
[2026-03-04T12:51:04.081+0000] {taskinstance.py:2171} INFO - Starting attempt 2 of 4
[2026-03-04T12:51:04.087+0000] {taskinstance.py:2192} INFO - Executing <Task(BashOperator): spark_extract> on 2026-03-04 12:45:53.176110+00:00
[2026-03-04T12:51:04.097+0000] {standard_task_runner.py:60} INFO - Started process 294 to run task
[2026-03-04T12:51:04.099+0000] {standard_task_runner.py:87} INFO - Running: ['***', 'tasks', 'run', 'adala_ingestion', 'spark_extract', 'manual__2026-03-04T12:45:53.176110+00:00', '--job-id', '22', '--raw', '--subdir', 'DAGS_FOLDER/adala_ingestion.py', '--cfg-path', '/tmp/tmptk707fol']
[2026-03-04T12:51:04.102+0000] {standard_task_runner.py:88} INFO - Job 22: Subtask spark_extract
[2026-03-04T12:51:04.150+0000] {task_command.py:423} INFO - Running <TaskInstance: adala_ingestion.spark_extract manual__2026-03-04T12:45:53.176110+00:00 [running]> on host b37c89eb78cc
[2026-03-04T12:51:04.235+0000] {taskinstance.py:2481} INFO - Exporting env vars: AIRFLOW_CTX_DAG_OWNER='moudawana' AIRFLOW_CTX_DAG_ID='adala_ingestion' AIRFLOW_CTX_TASK_ID='spark_extract' AIRFLOW_CTX_EXECUTION_DATE='2026-03-04T12:45:53.176110+00:00' AIRFLOW_CTX_TRY_NUMBER='2' AIRFLOW_CTX_DAG_RUN_ID='manual__2026-03-04T12:45:53.176110+00:00'
[2026-03-04T12:51:04.237+0000] {subprocess.py:63} INFO - Tmp dir root location: /tmp
[2026-03-04T12:51:04.238+0000] {subprocess.py:75} INFO - Running command: ['/usr/bin/bash', '-c', '\n     docker exec mizanai-spark-master-1         /opt/spark/bin/spark-submit         --master spark://spark-master:7077         --jars /opt/spark_jobs/postgresql-42.7.3.jar         /opt/spark_jobs/extract_text.py\n    ']
[2026-03-04T12:51:04.250+0000] {subprocess.py:86} INFO - Output:
[2026-03-04T12:51:04.541+0000] {subprocess.py:93} INFO - WARNING: Using incubator modules: jdk.incubator.vector
[2026-03-04T12:51:05.466+0000] {subprocess.py:93} INFO - 26/03/04 12:51:05 WARN NativeCodeLoader: Unable to load native-hadoop library for your platform... using builtin-java classes where applicable
[2026-03-04T12:51:06.086+0000] {subprocess.py:93} INFO - Traceback (most recent call last):
[2026-03-04T12:51:06.088+0000] {subprocess.py:93} INFO -   File "/opt/spark_jobs/extract_text.py", line 4, in <module>
[2026-03-04T12:51:06.088+0000] {subprocess.py:93} INFO -     import fitz
[2026-03-04T12:51:06.088+0000] {subprocess.py:93} INFO - ModuleNotFoundError: No module named 'fitz'
[2026-03-04T12:51:06.112+0000] {subprocess.py:93} INFO - 26/03/04 12:51:06 INFO ShutdownHookManager: Shutdown hook called
[2026-03-04T12:51:06.117+0000] {subprocess.py:93} INFO - 26/03/04 12:51:06 INFO ShutdownHookManager: Deleting directory /tmp/spark-111ffd66-4a7b-4888-a2ee-6e2cdd3b4b24
[2026-03-04T12:51:06.167+0000] {subprocess.py:97} INFO - Command exited with return code 1
[2026-03-04T12:51:06.211+0000] {taskinstance.py:2699} ERROR - Task failed with exception
Traceback (most recent call last):
  File "/home/airflow/.local/lib/python3.8/site-packages/airflow/models/taskinstance.py", line 433, in _execute_task
    result = execute_callable(context=context, **execute_callable_kwargs)
  File "/home/airflow/.local/lib/python3.8/site-packages/airflow/operators/bash.py", line 212, in execute
    raise AirflowException(
airflow.exceptions.AirflowException: Bash command failed. The command returned a non-zero exit code 1.
[2026-03-04T12:51:06.216+0000] {taskinstance.py:1138} INFO - Marking task as UP_FOR_RETRY. dag_id=adala_ingestion, task_id=spark_extract, execution_date=20260304T124553, start_date=20260304T125104, end_date=20260304T125106
[2026-03-04T12:51:06.239+0000] {standard_task_runner.py:107} ERROR - Failed to execute job 22 for task spark_extract (Bash command failed. The command returned a non-zero exit code 1.; 294)
[2026-03-04T12:51:06.272+0000] {local_task_job_runner.py:234} INFO - Task exited with return code 1
[2026-03-04T12:51:06.311+0000] {taskinstance.py:3281} INFO - 0 downstream tasks scheduled from follow-on schedule check
