[2026-03-04T12:59:02.663+0000] {taskinstance.py:1957} INFO - Dependencies all met for dep_context=non-requeueable deps ti=<TaskInstance: adala_ingestion.spark_extract manual__2026-03-04T12:58:50.895626+00:00 [queued]>
[2026-03-04T12:59:02.668+0000] {taskinstance.py:1957} INFO - Dependencies all met for dep_context=requeueable deps ti=<TaskInstance: adala_ingestion.spark_extract manual__2026-03-04T12:58:50.895626+00:00 [queued]>
[2026-03-04T12:59:02.668+0000] {taskinstance.py:2171} INFO - Starting attempt 1 of 4
[2026-03-04T12:59:02.676+0000] {taskinstance.py:2192} INFO - Executing <Task(BashOperator): spark_extract> on 2026-03-04 12:58:50.895626+00:00
[2026-03-04T12:59:02.685+0000] {standard_task_runner.py:60} INFO - Started process 218 to run task
[2026-03-04T12:59:02.707+0000] {standard_task_runner.py:87} INFO - Running: ['***', 'tasks', 'run', 'adala_ingestion', 'spark_extract', 'manual__2026-03-04T12:58:50.895626+00:00', '--job-id', '30', '--raw', '--subdir', 'DAGS_FOLDER/adala_ingestion.py', '--cfg-path', '/tmp/tmpyddr18_d']
[2026-03-04T12:59:02.713+0000] {standard_task_runner.py:88} INFO - Job 30: Subtask spark_extract
[2026-03-04T12:59:02.929+0000] {task_command.py:423} INFO - Running <TaskInstance: adala_ingestion.spark_extract manual__2026-03-04T12:58:50.895626+00:00 [running]> on host e94a7b2edf14
[2026-03-04T12:59:03.131+0000] {taskinstance.py:2481} INFO - Exporting env vars: AIRFLOW_CTX_DAG_OWNER='moudawana' AIRFLOW_CTX_DAG_ID='adala_ingestion' AIRFLOW_CTX_TASK_ID='spark_extract' AIRFLOW_CTX_EXECUTION_DATE='2026-03-04T12:58:50.895626+00:00' AIRFLOW_CTX_TRY_NUMBER='1' AIRFLOW_CTX_DAG_RUN_ID='manual__2026-03-04T12:58:50.895626+00:00'
[2026-03-04T12:59:03.133+0000] {subprocess.py:63} INFO - Tmp dir root location: /tmp
[2026-03-04T12:59:03.138+0000] {subprocess.py:75} INFO - Running command: ['/usr/bin/bash', '-c', '\n     docker exec mizanai-spark-master-1         /opt/spark/bin/spark-submit         --master spark://spark-master:7077         --jars /opt/spark_jobs/postgresql-42.7.3.jar         /opt/spark_jobs/extract_text.py\n    ']
[2026-03-04T12:59:03.149+0000] {subprocess.py:86} INFO - Output:
[2026-03-04T12:59:03.712+0000] {subprocess.py:93} INFO - WARNING: Using incubator modules: jdk.incubator.vector
[2026-03-04T12:59:05.794+0000] {subprocess.py:93} INFO - 26/03/04 12:59:05 WARN NativeCodeLoader: Unable to load native-hadoop library for your platform... using builtin-java classes where applicable
[2026-03-04T12:59:06.690+0000] {subprocess.py:93} INFO - Using Spark's default log4j profile: org/apache/spark/log4j2-defaults.properties
[2026-03-04T12:59:06.702+0000] {subprocess.py:93} INFO - 26/03/04 12:59:06 INFO SparkContext: Running Spark version 4.0.1
[2026-03-04T12:59:06.706+0000] {subprocess.py:93} INFO - 26/03/04 12:59:06 INFO SparkContext: OS info Linux, 6.12.5-linuxkit, aarch64
[2026-03-04T12:59:06.708+0000] {subprocess.py:93} INFO - 26/03/04 12:59:06 INFO SparkContext: Java version 21.0.10
[2026-03-04T12:59:06.728+0000] {subprocess.py:93} INFO - 26/03/04 12:59:06 INFO ResourceUtils: ==============================================================
[2026-03-04T12:59:06.729+0000] {subprocess.py:93} INFO - 26/03/04 12:59:06 INFO ResourceUtils: No custom resources configured for spark.driver.
[2026-03-04T12:59:06.729+0000] {subprocess.py:93} INFO - 26/03/04 12:59:06 INFO ResourceUtils: ==============================================================
[2026-03-04T12:59:06.730+0000] {subprocess.py:93} INFO - 26/03/04 12:59:06 INFO SparkContext: Submitted application: LagalDocumentTextExtractor
[2026-03-04T12:59:06.751+0000] {subprocess.py:93} INFO - 26/03/04 12:59:06 INFO ResourceProfile: Default ResourceProfile created, executor resources: Map(memory -> name: memory, amount: 1024, script: , vendor: , offHeap -> name: offHeap, amount: 0, script: , vendor: ), task resources: Map(cpus -> name: cpus, amount: 1.0)
[2026-03-04T12:59:06.753+0000] {subprocess.py:93} INFO - 26/03/04 12:59:06 INFO ResourceProfile: Limiting resource is cpu
[2026-03-04T12:59:06.754+0000] {subprocess.py:93} INFO - 26/03/04 12:59:06 INFO ResourceProfileManager: Added ResourceProfile id: 0
[2026-03-04T12:59:06.817+0000] {subprocess.py:93} INFO - 26/03/04 12:59:06 INFO SecurityManager: Changing view acls to: root
[2026-03-04T12:59:06.818+0000] {subprocess.py:93} INFO - 26/03/04 12:59:06 INFO SecurityManager: Changing modify acls to: root
[2026-03-04T12:59:06.818+0000] {subprocess.py:93} INFO - 26/03/04 12:59:06 INFO SecurityManager: Changing view acls groups to: root
[2026-03-04T12:59:06.818+0000] {subprocess.py:93} INFO - 26/03/04 12:59:06 INFO SecurityManager: Changing modify acls groups to: root
[2026-03-04T12:59:06.820+0000] {subprocess.py:93} INFO - 26/03/04 12:59:06 INFO SecurityManager: SecurityManager: authentication disabled; ui acls disabled; users with view permissions: root groups with view permissions: EMPTY; users with modify permissions: root; groups with modify permissions: EMPTY; RPC SSL disabled
[2026-03-04T12:59:06.967+0000] {subprocess.py:93} INFO - 26/03/04 12:59:06 INFO Utils: Successfully started service 'sparkDriver' on port 34575.
[2026-03-04T12:59:06.988+0000] {subprocess.py:93} INFO - 26/03/04 12:59:06 INFO SparkEnv: Registering MapOutputTracker
[2026-03-04T12:59:06.994+0000] {subprocess.py:93} INFO - 26/03/04 12:59:06 INFO SparkEnv: Registering BlockManagerMaster
[2026-03-04T12:59:07.013+0000] {subprocess.py:93} INFO - 26/03/04 12:59:07 INFO BlockManagerMasterEndpoint: Using org.apache.spark.storage.DefaultTopologyMapper for getting topology information
[2026-03-04T12:59:07.013+0000] {subprocess.py:93} INFO - 26/03/04 12:59:07 INFO BlockManagerMasterEndpoint: BlockManagerMasterEndpoint up
[2026-03-04T12:59:07.014+0000] {subprocess.py:93} INFO - 26/03/04 12:59:07 INFO SparkEnv: Registering BlockManagerMasterHeartbeat
[2026-03-04T12:59:07.032+0000] {subprocess.py:93} INFO - 26/03/04 12:59:07 INFO DiskBlockManager: Created local directory at /tmp/blockmgr-ba6fa7b8-967e-45d6-9101-3f2e8edb98f6
[2026-03-04T12:59:07.047+0000] {subprocess.py:93} INFO - 26/03/04 12:59:07 INFO SparkEnv: Registering OutputCommitCoordinator
[2026-03-04T12:59:07.185+0000] {subprocess.py:93} INFO - 26/03/04 12:59:07 INFO JettyUtils: Start Jetty 0.0.0.0:4040 for SparkUI
[2026-03-04T12:59:07.231+0000] {subprocess.py:93} INFO - 26/03/04 12:59:07 WARN Utils: Service 'SparkUI' could not bind on port 4040. Attempting port 4041.
[2026-03-04T12:59:07.232+0000] {subprocess.py:93} INFO - 26/03/04 12:59:07 WARN Utils: Service 'SparkUI' could not bind on port 4041. Attempting port 4042.
[2026-03-04T12:59:07.232+0000] {subprocess.py:93} INFO - 26/03/04 12:59:07 WARN Utils: Service 'SparkUI' could not bind on port 4042. Attempting port 4043.
[2026-03-04T12:59:07.236+0000] {subprocess.py:93} INFO - 26/03/04 12:59:07 INFO Utils: Successfully started service 'SparkUI' on port 4043.
[2026-03-04T12:59:07.256+0000] {subprocess.py:93} INFO - 26/03/04 12:59:07 INFO SparkContext: Added JAR /opt/spark_jobs/postgresql-42.7.3.jar at spark://635a54ab836c:34575/jars/postgresql-42.7.3.jar with timestamp 1772629146671
[2026-03-04T12:59:07.267+0000] {subprocess.py:93} INFO - 26/03/04 12:59:07 INFO SecurityManager: Changing view acls to: root
[2026-03-04T12:59:07.268+0000] {subprocess.py:93} INFO - 26/03/04 12:59:07 INFO SecurityManager: Changing modify acls to: root
[2026-03-04T12:59:07.268+0000] {subprocess.py:93} INFO - 26/03/04 12:59:07 INFO SecurityManager: Changing view acls groups to: root
[2026-03-04T12:59:07.268+0000] {subprocess.py:93} INFO - 26/03/04 12:59:07 INFO SecurityManager: Changing modify acls groups to: root
[2026-03-04T12:59:07.269+0000] {subprocess.py:93} INFO - 26/03/04 12:59:07 INFO SecurityManager: SecurityManager: authentication disabled; ui acls disabled; users with view permissions: root groups with view permissions: EMPTY; users with modify permissions: root; groups with modify permissions: EMPTY; RPC SSL disabled
[2026-03-04T12:59:07.376+0000] {subprocess.py:93} INFO - 26/03/04 12:59:07 INFO StandaloneAppClient$ClientEndpoint: Connecting to master spark://spark-master:7077...
[2026-03-04T12:59:07.406+0000] {subprocess.py:93} INFO - 26/03/04 12:59:07 INFO TransportClientFactory: Successfully created connection to spark-master/172.19.0.3:7077 after 13 ms (0 ms spent in bootstraps)
[2026-03-04T12:59:07.512+0000] {subprocess.py:93} INFO - 26/03/04 12:59:07 INFO StandaloneSchedulerBackend: Connected to Spark cluster with app ID app-20260304125907-0003
[2026-03-04T12:59:07.519+0000] {subprocess.py:93} INFO - 26/03/04 12:59:07 INFO Utils: Successfully started service 'org.apache.spark.network.netty.NettyBlockTransferService' on port 41439.
[2026-03-04T12:59:07.520+0000] {subprocess.py:93} INFO - 26/03/04 12:59:07 INFO NettyBlockTransferService: Server created on 635a54ab836c:41439
[2026-03-04T12:59:07.521+0000] {subprocess.py:93} INFO - 26/03/04 12:59:07 INFO BlockManager: Using org.apache.spark.storage.RandomBlockReplicationPolicy for block replication policy
[2026-03-04T12:59:07.542+0000] {subprocess.py:93} INFO - 26/03/04 12:59:07 INFO BlockManagerMaster: Registering BlockManager BlockManagerId(driver, 635a54ab836c, 41439, None)
[2026-03-04T12:59:07.549+0000] {subprocess.py:93} INFO - 26/03/04 12:59:07 INFO BlockManagerMasterEndpoint: Registering block manager 635a54ab836c:41439 with 434.4 MiB RAM, BlockManagerId(driver, 635a54ab836c, 41439, None)
[2026-03-04T12:59:07.551+0000] {subprocess.py:93} INFO - 26/03/04 12:59:07 INFO BlockManagerMaster: Registered BlockManager BlockManagerId(driver, 635a54ab836c, 41439, None)
[2026-03-04T12:59:07.552+0000] {subprocess.py:93} INFO - 26/03/04 12:59:07 INFO BlockManager: Initialized BlockManager: BlockManagerId(driver, 635a54ab836c, 41439, None)
[2026-03-04T12:59:07.657+0000] {subprocess.py:93} INFO - 26/03/04 12:59:07 INFO StandaloneSchedulerBackend: SchedulerBackend is ready for scheduling beginning after reached minRegisteredResourcesRatio: 0.0
[2026-03-04T12:59:10.274+0000] {subprocess.py:93} INFO - Spark session started
[2026-03-04T12:59:28.315+0000] {subprocess.py:93} INFO - 26/03/04 12:59:28 WARN TaskSchedulerImpl: Initial job has not accepted any resources; check your cluster UI to ensure that workers are registered and have sufficient resources
[2026-03-04T12:59:43.288+0000] {subprocess.py:93} INFO - 26/03/04 12:59:43 WARN TaskSchedulerImpl: Initial job has not accepted any resources; check your cluster UI to ensure that workers are registered and have sufficient resources
[2026-03-04T12:59:58.285+0000] {subprocess.py:93} INFO - 26/03/04 12:59:58 WARN TaskSchedulerImpl: Initial job has not accepted any resources; check your cluster UI to ensure that workers are registered and have sufficient resources
[2026-03-04T13:00:13.309+0000] {subprocess.py:93} INFO - 26/03/04 13:00:13 WARN TaskSchedulerImpl: Initial job has not accepted any resources; check your cluster UI to ensure that workers are registered and have sufficient resources
[2026-03-04T13:00:28.408+0000] {subprocess.py:93} INFO - 26/03/04 13:00:28 WARN TaskSchedulerImpl: Initial job has not accepted any resources; check your cluster UI to ensure that workers are registered and have sufficient resources
[2026-03-04T13:00:43.269+0000] {subprocess.py:93} INFO - 26/03/04 13:00:43 WARN TaskSchedulerImpl: Initial job has not accepted any resources; check your cluster UI to ensure that workers are registered and have sufficient resources
[2026-03-04T13:00:58.271+0000] {subprocess.py:93} INFO - 26/03/04 13:00:58 WARN TaskSchedulerImpl: Initial job has not accepted any resources; check your cluster UI to ensure that workers are registered and have sufficient resources
[2026-03-04T13:01:13.295+0000] {subprocess.py:93} INFO - 26/03/04 13:01:13 WARN TaskSchedulerImpl: Initial job has not accepted any resources; check your cluster UI to ensure that workers are registered and have sufficient resources
[2026-03-04T13:01:28.345+0000] {subprocess.py:93} INFO - 26/03/04 13:01:28 WARN TaskSchedulerImpl: Initial job has not accepted any resources; check your cluster UI to ensure that workers are registered and have sufficient resources
[2026-03-04T13:01:43.279+0000] {subprocess.py:93} INFO - 26/03/04 13:01:43 WARN TaskSchedulerImpl: Initial job has not accepted any resources; check your cluster UI to ensure that workers are registered and have sufficient resources
[2026-03-04T13:01:58.311+0000] {subprocess.py:93} INFO - 26/03/04 13:01:58 WARN TaskSchedulerImpl: Initial job has not accepted any resources; check your cluster UI to ensure that workers are registered and have sufficient resources
[2026-03-04T13:02:13.282+0000] {subprocess.py:93} INFO - 26/03/04 13:02:13 WARN TaskSchedulerImpl: Initial job has not accepted any resources; check your cluster UI to ensure that workers are registered and have sufficient resources
[2026-03-04T13:02:28.306+0000] {subprocess.py:93} INFO - 26/03/04 13:02:28 WARN TaskSchedulerImpl: Initial job has not accepted any resources; check your cluster UI to ensure that workers are registered and have sufficient resources
[2026-03-04T13:02:43.283+0000] {subprocess.py:93} INFO - 26/03/04 13:02:43 WARN TaskSchedulerImpl: Initial job has not accepted any resources; check your cluster UI to ensure that workers are registered and have sufficient resources
[2026-03-04T13:02:58.293+0000] {subprocess.py:93} INFO - 26/03/04 13:02:58 WARN TaskSchedulerImpl: Initial job has not accepted any resources; check your cluster UI to ensure that workers are registered and have sufficient resources
[2026-03-04T13:03:13.288+0000] {subprocess.py:93} INFO - 26/03/04 13:03:13 WARN TaskSchedulerImpl: Initial job has not accepted any resources; check your cluster UI to ensure that workers are registered and have sufficient resources
[2026-03-04T13:03:28.301+0000] {subprocess.py:93} INFO - 26/03/04 13:03:28 WARN TaskSchedulerImpl: Initial job has not accepted any resources; check your cluster UI to ensure that workers are registered and have sufficient resources
[2026-03-04T13:03:43.276+0000] {subprocess.py:93} INFO - 26/03/04 13:03:43 WARN TaskSchedulerImpl: Initial job has not accepted any resources; check your cluster UI to ensure that workers are registered and have sufficient resources
[2026-03-04T13:03:58.274+0000] {subprocess.py:93} INFO - 26/03/04 13:03:58 WARN TaskSchedulerImpl: Initial job has not accepted any resources; check your cluster UI to ensure that workers are registered and have sufficient resources
[2026-03-04T13:04:13.273+0000] {subprocess.py:93} INFO - 26/03/04 13:04:13 WARN TaskSchedulerImpl: Initial job has not accepted any resources; check your cluster UI to ensure that workers are registered and have sufficient resources
[2026-03-04T13:04:28.382+0000] {subprocess.py:93} INFO - 26/03/04 13:04:28 WARN TaskSchedulerImpl: Initial job has not accepted any resources; check your cluster UI to ensure that workers are registered and have sufficient resources
[2026-03-04T13:04:43.275+0000] {subprocess.py:93} INFO - 26/03/04 13:04:43 WARN TaskSchedulerImpl: Initial job has not accepted any resources; check your cluster UI to ensure that workers are registered and have sufficient resources
[2026-03-04T13:04:58.274+0000] {subprocess.py:93} INFO - 26/03/04 13:04:58 WARN TaskSchedulerImpl: Initial job has not accepted any resources; check your cluster UI to ensure that workers are registered and have sufficient resources
[2026-03-04T13:05:13.274+0000] {subprocess.py:93} INFO - 26/03/04 13:05:13 WARN TaskSchedulerImpl: Initial job has not accepted any resources; check your cluster UI to ensure that workers are registered and have sufficient resources
[2026-03-04T13:05:28.329+0000] {subprocess.py:93} INFO - 26/03/04 13:05:28 WARN TaskSchedulerImpl: Initial job has not accepted any resources; check your cluster UI to ensure that workers are registered and have sufficient resources
[2026-03-04T13:05:43.286+0000] {subprocess.py:93} INFO - 26/03/04 13:05:43 WARN TaskSchedulerImpl: Initial job has not accepted any resources; check your cluster UI to ensure that workers are registered and have sufficient resources
[2026-03-04T13:05:58.284+0000] {subprocess.py:93} INFO - 26/03/04 13:05:58 WARN TaskSchedulerImpl: Initial job has not accepted any resources; check your cluster UI to ensure that workers are registered and have sufficient resources
[2026-03-04T13:06:13.329+0000] {subprocess.py:93} INFO - 26/03/04 13:06:13 WARN TaskSchedulerImpl: Initial job has not accepted any resources; check your cluster UI to ensure that workers are registered and have sufficient resources
[2026-03-04T13:06:28.350+0000] {subprocess.py:93} INFO - 26/03/04 13:06:28 WARN TaskSchedulerImpl: Initial job has not accepted any resources; check your cluster UI to ensure that workers are registered and have sufficient resources
[2026-03-04T13:06:43.283+0000] {subprocess.py:93} INFO - 26/03/04 13:06:43 WARN TaskSchedulerImpl: Initial job has not accepted any resources; check your cluster UI to ensure that workers are registered and have sufficient resources
[2026-03-04T13:06:58.276+0000] {subprocess.py:93} INFO - 26/03/04 13:06:58 WARN TaskSchedulerImpl: Initial job has not accepted any resources; check your cluster UI to ensure that workers are registered and have sufficient resources
[2026-03-04T13:07:13.273+0000] {subprocess.py:93} INFO - 26/03/04 13:07:13 WARN TaskSchedulerImpl: Initial job has not accepted any resources; check your cluster UI to ensure that workers are registered and have sufficient resources
[2026-03-04T13:07:28.282+0000] {subprocess.py:93} INFO - 26/03/04 13:07:28 WARN TaskSchedulerImpl: Initial job has not accepted any resources; check your cluster UI to ensure that workers are registered and have sufficient resources
[2026-03-04T13:07:43.276+0000] {subprocess.py:93} INFO - 26/03/04 13:07:43 WARN TaskSchedulerImpl: Initial job has not accepted any resources; check your cluster UI to ensure that workers are registered and have sufficient resources
[2026-03-04T13:07:58.297+0000] {subprocess.py:93} INFO - 26/03/04 13:07:58 WARN TaskSchedulerImpl: Initial job has not accepted any resources; check your cluster UI to ensure that workers are registered and have sufficient resources
[2026-03-04T13:08:13.277+0000] {subprocess.py:93} INFO - 26/03/04 13:08:13 WARN TaskSchedulerImpl: Initial job has not accepted any resources; check your cluster UI to ensure that workers are registered and have sufficient resources
[2026-03-04T13:08:28.281+0000] {subprocess.py:93} INFO - 26/03/04 13:08:28 WARN TaskSchedulerImpl: Initial job has not accepted any resources; check your cluster UI to ensure that workers are registered and have sufficient resources
[2026-03-04T13:08:43.272+0000] {subprocess.py:93} INFO - 26/03/04 13:08:43 WARN TaskSchedulerImpl: Initial job has not accepted any resources; check your cluster UI to ensure that workers are registered and have sufficient resources
[2026-03-04T13:08:58.282+0000] {subprocess.py:93} INFO - 26/03/04 13:08:58 WARN TaskSchedulerImpl: Initial job has not accepted any resources; check your cluster UI to ensure that workers are registered and have sufficient resources
[2026-03-04T13:09:13.276+0000] {subprocess.py:93} INFO - 26/03/04 13:09:13 WARN TaskSchedulerImpl: Initial job has not accepted any resources; check your cluster UI to ensure that workers are registered and have sufficient resources
[2026-03-04T13:09:28.278+0000] {subprocess.py:93} INFO - 26/03/04 13:09:28 WARN TaskSchedulerImpl: Initial job has not accepted any resources; check your cluster UI to ensure that workers are registered and have sufficient resources
[2026-03-04T13:09:43.425+0000] {subprocess.py:93} INFO - Documents found: 31
[2026-03-04T13:09:44.363+0000] {subprocess.py:93} INFO - +---+--------------------+--------------------+----------+--------+--------------------+---------+------------+-------------+--------------------+
[2026-03-04T13:09:44.364+0000] {subprocess.py:93} INFO - | id|               title|             pdf_url|  category|language|            filepath|file_hash|file_size_kb|downloaded_at|          created_at|
[2026-03-04T13:09:44.365+0000] {subprocess.py:93} INFO - +---+--------------------+--------------------+----------+--------+--------------------+---------+------------+-------------+--------------------+
[2026-03-04T13:09:44.365+0000] {subprocess.py:93} INFO - |  1|قانون المسطرة الم...|https://adala.jus...|   famille|      ar|/opt/***/data...|     NULL|        NULL|         NULL|2026-03-03 14:04:...|
[2026-03-04T13:09:44.366+0000] {subprocess.py:93} INFO - |  2|ظهير بمثابة قانون...|https://adala.jus...|     civil|      ar|/opt/***/data...|     NULL|        NULL|         NULL|2026-03-03 14:04:...|
[2026-03-04T13:09:44.367+0000] {subprocess.py:93} INFO - |  3|القانون المتعلق ب...|https://adala.jus...|     civil|      ar|/opt/***/data...|     NULL|        NULL|         NULL|2026-03-03 14:04:...|
[2026-03-04T13:09:44.367+0000] {subprocess.py:93} INFO - |  4|قانون يتعلق بمدون...|https://adala.jus...|commercial|      ar|/opt/***/data...|     NULL|        NULL|         NULL|2026-03-03 14:04:...|
[2026-03-04T13:09:44.367+0000] {subprocess.py:93} INFO - |  5|قانون بمثابة مدون...|https://adala.jus...|   famille|      ar|/opt/***/data...|     NULL|        NULL|         NULL|2026-03-03 14:04:...|
[2026-03-04T13:09:44.367+0000] {subprocess.py:93} INFO - |  6|القانون المتعلق ب...|https://adala.jus...|   travail|      ar|/opt/***/data...|     NULL|        NULL|         NULL|2026-03-03 14:04:...|
[2026-03-04T13:09:44.367+0000] {subprocess.py:93} INFO - |  7|  Code de la famille|https://adala.jus...|famille_fr|      fr|/opt/***/data...|     NULL|        NULL|         NULL|2026-03-03 14:04:...|
[2026-03-04T13:09:44.368+0000] {subprocess.py:93} INFO - |  8|Fonds d’entraide ...|https://adala.jus...|famille_fr|      fr|/opt/***/data...|     NULL|        NULL|         NULL|2026-03-03 14:04:...|
[2026-03-04T13:09:44.368+0000] {subprocess.py:93} INFO - |  9|Enfants abandonné...|https://adala.jus...|famille_fr|      fr|/opt/***/data...|     NULL|        NULL|         NULL|2026-03-03 14:04:...|
[2026-03-04T13:09:44.368+0000] {subprocess.py:93} INFO - | 10|          Etat civil|https://adala.jus...|famille_fr|      fr|/opt/***/data...|     NULL|        NULL|         NULL|2026-03-03 14:04:...|
[2026-03-04T13:09:44.368+0000] {subprocess.py:93} INFO - | 11|Code de la Nation...|https://adala.jus...|famille_fr|      fr|/opt/***/data...|     NULL|        NULL|         NULL|2026-03-03 14:04:...|
[2026-03-04T13:09:44.369+0000] {subprocess.py:93} INFO - | 12|          Code pénal|https://adala.jus...|  penal_fr|      fr|/opt/***/data...|     NULL|        NULL|         NULL|2026-03-03 14:04:...|
[2026-03-04T13:09:44.369+0000] {subprocess.py:93} INFO - | 13|Dahir sur l'asses...|https://adala.jus...|  penal_fr|      fr|/opt/***/data...|     NULL|        NULL|         NULL|2026-03-03 14:04:...|
[2026-03-04T13:09:44.369+0000] {subprocess.py:93} INFO - | 14|La lutte contre l...|https://adala.jus...|  penal_fr|      fr|/opt/***/data...|     NULL|        NULL|         NULL|2026-03-03 14:04:...|
[2026-03-04T13:09:44.369+0000] {subprocess.py:93} INFO - | 15|              Grâces|https://adala.jus...|  penal_fr|      fr|/opt/***/data...|     NULL|        NULL|         NULL|2026-03-03 14:04:...|
[2026-03-04T13:09:44.369+0000] {subprocess.py:93} INFO - | 16|Loi relative à la...|https://adala.jus...|  penal_fr|      fr|/opt/***/data...|     NULL|        NULL|         NULL|2026-03-03 14:04:...|
[2026-03-04T13:09:44.369+0000] {subprocess.py:93} INFO - | 17|Entrée et séjour ...|https://adala.jus...|  penal_fr|      fr|/opt/***/data...|     NULL|        NULL|         NULL|2026-03-03 14:04:...|
[2026-03-04T13:09:44.369+0000] {subprocess.py:93} INFO - | 18|Loi relative a La...|https://adala.jus...|  penal_fr|      fr|/opt/***/data...|     NULL|        NULL|         NULL|2026-03-03 14:04:...|
[2026-03-04T13:09:44.369+0000] {subprocess.py:93} INFO - | 19|Loi relative a la...|https://adala.jus...|  penal_fr|      fr|/opt/***/data...|     NULL|        NULL|         NULL|2026-03-03 14:04:...|
[2026-03-04T13:09:44.370+0000] {subprocess.py:93} INFO - | 20|Organisation de l...|https://adala.jus...|  penal_fr|      fr|/opt/***/data...|     NULL|        NULL|         NULL|2026-03-03 14:04:...|
[2026-03-04T13:09:44.370+0000] {subprocess.py:93} INFO - +---+--------------------+--------------------+----------+--------+--------------------+---------+------------+-------------+--------------------+
[2026-03-04T13:09:44.370+0000] {subprocess.py:93} INFO - only showing top 20 rows
[2026-03-04T13:09:49.074+0000] {subprocess.py:93} INFO - Documents with text:31
[2026-03-04T13:09:53.623+0000] {subprocess.py:93} INFO - +-------------------------------------+--------------------------------------------------+
[2026-03-04T13:09:53.630+0000] {subprocess.py:93} INFO - |                                title|                                          raw_text|
[2026-03-04T13:09:53.630+0000] {subprocess.py:93} INFO - +-------------------------------------+--------------------------------------------------+
[2026-03-04T13:09:53.631+0000] {subprocess.py:93} INFO - |                قانون المسطرة المدنية|قانون المسطرة المدنية \n صيغة محينة بتاريخ13\n ...|
[2026-03-04T13:09:53.631+0000] {subprocess.py:93} INFO - | ظهير بمثابة قانون الالتزامات والعقود|-1-\n \n \n \n \n \n \n \n \n \n \n \n \n \nظهي...|
[2026-03-04T13:09:53.631+0000] {subprocess.py:93} INFO - |القانون المتعلق بمدونة الحقوق العينية|القانون رقم39.08\n المتعلق ب\nمدونة الحقوق العي...|
[2026-03-04T13:09:53.631+0000] {subprocess.py:93} INFO - |           قانون يتعلق بمدونة التجارة|القانون رقم15.95\n \n المتعلق بمدونة التجارة  \...|
[2026-03-04T13:09:53.631+0000] {subprocess.py:93} INFO - |            قانون بمثابة مدونة الأسرة|- 1  -\n \n \n \n \n \n \n \n \n \n \n \nمدونة ...|
[2026-03-04T13:09:53.632+0000] {subprocess.py:93} INFO - +-------------------------------------+--------------------------------------------------+
[2026-03-04T13:09:53.632+0000] {subprocess.py:93} INFO - only showing top 5 rows
[2026-03-04T13:09:53.666+0000] {subprocess.py:93} INFO - Chunking done
[2026-03-04T13:10:13.167+0000] {subprocess.py:93} INFO - +-------------------------------------+--------------------------------------------------+
[2026-03-04T13:10:13.186+0000] {subprocess.py:93} INFO - |                                title|                                            chunks|
[2026-03-04T13:10:13.187+0000] {subprocess.py:93} INFO - +-------------------------------------+--------------------------------------------------+
[2026-03-04T13:10:13.187+0000] {subprocess.py:93} INFO - |                قانون المسطرة المدنية|[قانون المسطرة المدنية صيغة محينة بتاريخ13 يوني...|
[2026-03-04T13:10:13.187+0000] {subprocess.py:93} INFO - | ظهير بمثابة قانون الالتزامات والعقود|[-1- ظهير بمثابة قانون االلتزامات والعقود صيغة ...|
[2026-03-04T13:10:13.188+0000] {subprocess.py:93} INFO - |القانون المتعلق بمدونة الحقوق العينية|[القانون رقم39.08 المتعلق ب مدونة الحقوق العيني...|
[2026-03-04T13:10:13.188+0000] {subprocess.py:93} INFO - +-------------------------------------+--------------------------------------------------+
[2026-03-04T13:10:13.188+0000] {subprocess.py:93} INFO - only showing top 3 rows
[2026-03-04T13:12:36.731+0000] {subprocess.py:93} INFO - Chunks saved to PostgreSQL
[2026-03-04T13:12:38.018+0000] {subprocess.py:97} INFO - Command exited with return code 0
[2026-03-04T13:12:38.319+0000] {taskinstance.py:1138} INFO - Marking task as SUCCESS. dag_id=adala_ingestion, task_id=spark_extract, execution_date=20260304T125850, start_date=20260304T125902, end_date=20260304T131238
[2026-03-04T13:12:38.390+0000] {local_task_job_runner.py:234} INFO - Task exited with return code 0
[2026-03-04T13:12:38.455+0000] {taskinstance.py:3281} INFO - 1 downstream tasks scheduled from follow-on schedule check
