[2026-03-04T12:45:54.465+0000] {taskinstance.py:1957} INFO - Dependencies all met for dep_context=non-requeueable deps ti=<TaskInstance: adala_ingestion.spark_extract manual__2026-03-04T12:45:44.990175+00:00 [queued]>
[2026-03-04T12:45:54.475+0000] {taskinstance.py:1957} INFO - Dependencies all met for dep_context=requeueable deps ti=<TaskInstance: adala_ingestion.spark_extract manual__2026-03-04T12:45:44.990175+00:00 [queued]>
[2026-03-04T12:45:54.476+0000] {taskinstance.py:2171} INFO - Starting attempt 1 of 4
[2026-03-04T12:45:54.486+0000] {taskinstance.py:2192} INFO - Executing <Task(BashOperator): spark_extract> on 2026-03-04 12:45:44.990175+00:00
[2026-03-04T12:45:54.492+0000] {standard_task_runner.py:60} INFO - Started process 189 to run task
[2026-03-04T12:45:54.502+0000] {standard_task_runner.py:87} INFO - Running: ['***', 'tasks', 'run', 'adala_ingestion', 'spark_extract', 'manual__2026-03-04T12:45:44.990175+00:00', '--job-id', '15', '--raw', '--subdir', 'DAGS_FOLDER/adala_ingestion.py', '--cfg-path', '/tmp/tmpodr1xapl']
[2026-03-04T12:45:54.507+0000] {standard_task_runner.py:88} INFO - Job 15: Subtask spark_extract
[2026-03-04T12:45:54.611+0000] {task_command.py:423} INFO - Running <TaskInstance: adala_ingestion.spark_extract manual__2026-03-04T12:45:44.990175+00:00 [running]> on host b37c89eb78cc
[2026-03-04T12:45:54.735+0000] {taskinstance.py:2481} INFO - Exporting env vars: AIRFLOW_CTX_DAG_OWNER='moudawana' AIRFLOW_CTX_DAG_ID='adala_ingestion' AIRFLOW_CTX_TASK_ID='spark_extract' AIRFLOW_CTX_EXECUTION_DATE='2026-03-04T12:45:44.990175+00:00' AIRFLOW_CTX_TRY_NUMBER='1' AIRFLOW_CTX_DAG_RUN_ID='manual__2026-03-04T12:45:44.990175+00:00'
[2026-03-04T12:45:54.736+0000] {subprocess.py:63} INFO - Tmp dir root location: /tmp
[2026-03-04T12:45:54.738+0000] {subprocess.py:75} INFO - Running command: ['/usr/bin/bash', '-c', '\n     docker exec mizanai-spark-master-1         /opt/spark/bin/spark-submit         --master spark://spark-master:7077         --jars /opt/spark_jobs/postgresql-42.7.3.jar         /opt/spark_jobs/extract_text.py\n    ']
[2026-03-04T12:45:54.746+0000] {subprocess.py:86} INFO - Output:
[2026-03-04T12:45:55.303+0000] {subprocess.py:93} INFO - WARNING: Using incubator modules: jdk.incubator.vector
[2026-03-04T12:45:56.762+0000] {subprocess.py:93} INFO - 26/03/04 12:45:56 WARN NativeCodeLoader: Unable to load native-hadoop library for your platform... using builtin-java classes where applicable
[2026-03-04T12:45:57.406+0000] {subprocess.py:93} INFO - Traceback (most recent call last):
[2026-03-04T12:45:57.407+0000] {subprocess.py:93} INFO -   File "/opt/spark_jobs/extract_text.py", line 4, in <module>
[2026-03-04T12:45:57.407+0000] {subprocess.py:93} INFO -     import fitz
[2026-03-04T12:45:57.407+0000] {subprocess.py:93} INFO - ModuleNotFoundError: No module named 'fitz'
[2026-03-04T12:45:57.425+0000] {subprocess.py:93} INFO - 26/03/04 12:45:57 INFO ShutdownHookManager: Shutdown hook called
[2026-03-04T12:45:57.428+0000] {subprocess.py:93} INFO - 26/03/04 12:45:57 INFO ShutdownHookManager: Deleting directory /tmp/spark-beaeb6b8-be9c-4468-bd10-4c7360f940f9
[2026-03-04T12:45:57.465+0000] {subprocess.py:97} INFO - Command exited with return code 1
[2026-03-04T12:45:57.485+0000] {taskinstance.py:2699} ERROR - Task failed with exception
Traceback (most recent call last):
  File "/home/airflow/.local/lib/python3.8/site-packages/airflow/models/taskinstance.py", line 433, in _execute_task
    result = execute_callable(context=context, **execute_callable_kwargs)
  File "/home/airflow/.local/lib/python3.8/site-packages/airflow/operators/bash.py", line 212, in execute
    raise AirflowException(
airflow.exceptions.AirflowException: Bash command failed. The command returned a non-zero exit code 1.
[2026-03-04T12:45:57.489+0000] {taskinstance.py:1138} INFO - Marking task as UP_FOR_RETRY. dag_id=adala_ingestion, task_id=spark_extract, execution_date=20260304T124544, start_date=20260304T124554, end_date=20260304T124557
[2026-03-04T12:45:57.505+0000] {standard_task_runner.py:107} ERROR - Failed to execute job 15 for task spark_extract (Bash command failed. The command returned a non-zero exit code 1.; 189)
[2026-03-04T12:45:57.554+0000] {local_task_job_runner.py:234} INFO - Task exited with return code 1
[2026-03-04T12:45:57.576+0000] {taskinstance.py:3281} INFO - 0 downstream tasks scheduled from follow-on schedule check
