[2026-03-03T14:27:32.403+0000] {taskinstance.py:1957} INFO - Dependencies all met for dep_context=non-requeueable deps ti=<TaskInstance: adala_ingestion.scrape_adala scheduled__2026-02-22T00:00:00+00:00 [queued]>
[2026-03-03T14:27:32.412+0000] {taskinstance.py:1957} INFO - Dependencies all met for dep_context=requeueable deps ti=<TaskInstance: adala_ingestion.scrape_adala scheduled__2026-02-22T00:00:00+00:00 [queued]>
[2026-03-03T14:27:32.413+0000] {taskinstance.py:2171} INFO - Starting attempt 1 of 4
[2026-03-03T14:27:32.427+0000] {taskinstance.py:2192} INFO - Executing <Task(BashOperator): scrape_adala> on 2026-02-22 00:00:00+00:00
[2026-03-03T14:27:32.433+0000] {standard_task_runner.py:60} INFO - Started process 341 to run task
[2026-03-03T14:27:32.434+0000] {standard_task_runner.py:87} INFO - Running: ['***', 'tasks', 'run', 'adala_ingestion', 'scrape_adala', 'scheduled__2026-02-22T00:00:00+00:00', '--job-id', '4', '--raw', '--subdir', 'DAGS_FOLDER/adala_ingestion.py', '--cfg-path', '/tmp/tmpofq0o6g4']
[2026-03-03T14:27:32.443+0000] {standard_task_runner.py:88} INFO - Job 4: Subtask scrape_adala
[2026-03-03T14:27:33.352+0000] {task_command.py:423} INFO - Running <TaskInstance: adala_ingestion.scrape_adala scheduled__2026-02-22T00:00:00+00:00 [running]> on host 2c67c2ed3841
[2026-03-03T14:27:33.690+0000] {taskinstance.py:2481} INFO - Exporting env vars: AIRFLOW_CTX_DAG_OWNER='moudawana' AIRFLOW_CTX_DAG_ID='adala_ingestion' AIRFLOW_CTX_TASK_ID='scrape_adala' AIRFLOW_CTX_EXECUTION_DATE='2026-02-22T00:00:00+00:00' AIRFLOW_CTX_TRY_NUMBER='1' AIRFLOW_CTX_DAG_RUN_ID='scheduled__2026-02-22T00:00:00+00:00'
[2026-03-03T14:27:33.698+0000] {subprocess.py:63} INFO - Tmp dir root location: /tmp
[2026-03-03T14:27:33.701+0000] {subprocess.py:75} INFO - Running command: ['/usr/bin/bash', '-c', 'cd /opt/***/dags/scrapy_project && scrapy crawl adala']
[2026-03-03T14:27:33.734+0000] {subprocess.py:86} INFO - Output:
[2026-03-03T14:27:33.738+0000] {subprocess.py:93} INFO - /usr/bin/bash: line 1: cd: /opt/***/dags/scrapy_project: No such file or directory
[2026-03-03T14:27:33.739+0000] {subprocess.py:97} INFO - Command exited with return code 1
[2026-03-03T14:27:33.797+0000] {taskinstance.py:2699} ERROR - Task failed with exception
Traceback (most recent call last):
  File "/home/airflow/.local/lib/python3.8/site-packages/airflow/models/taskinstance.py", line 433, in _execute_task
    result = execute_callable(context=context, **execute_callable_kwargs)
  File "/home/airflow/.local/lib/python3.8/site-packages/airflow/operators/bash.py", line 212, in execute
    raise AirflowException(
airflow.exceptions.AirflowException: Bash command failed. The command returned a non-zero exit code 1.
[2026-03-03T14:27:33.839+0000] {taskinstance.py:1138} INFO - Marking task as UP_FOR_RETRY. dag_id=adala_ingestion, task_id=scrape_adala, execution_date=20260222T000000, start_date=20260303T142732, end_date=20260303T142733
[2026-03-03T14:27:33.862+0000] {standard_task_runner.py:107} ERROR - Failed to execute job 4 for task scrape_adala (Bash command failed. The command returned a non-zero exit code 1.; 341)
[2026-03-03T14:27:33.900+0000] {local_task_job_runner.py:234} INFO - Task exited with return code 1
[2026-03-03T14:27:33.928+0000] {taskinstance.py:3281} INFO - 0 downstream tasks scheduled from follow-on schedule check
